<?xml version="1.0" encoding="UTF-8"?>
<testsuite xmlns:xsi="http://www.w3.org/2001/XMLSchema-instance" xsi:noNamespaceSchemaLocation="https://maven.apache.org/surefire/maven-surefire-plugin/xsd/surefire-test-report-3.0.xsd" version="3.0" name="com.example.AppTest" time="0.014" tests="1" errors="0" skipped="0" failures="0">
  <properties>
    <property name="awt.toolkit" value="sun.awt.X11.XToolkit"/>
    <property name="file.encoding.pkg" value="sun.io"/>
    <property name="java.specification.version" value="1.8"/>
    <property name="sun.cpu.isalist" value=""/>
    <property name="sun.jnu.encoding" value="UTF-8"/>
    <property name="java.class.path" value="/home/mary-linux/MSIlinux/HC/hardware-confiavel/labs/week5/week5/target/test-classes:/home/mary-linux/MSIlinux/HC/hardware-confiavel/labs/week5/week5/target/classes:/home/mary-linux/.m2/repository/junit/junit/3.8.1/junit-3.8.1.jar:/home/mary-linux/.m2/repository/com/licel/jcardsim/2.2.2/jcardsim-2.2.2.jar:"/>
    <property name="java.vm.vendor" value="Temurin"/>
    <property name="sun.arch.data.model" value="64"/>
    <property name="java.vendor.url" value="https://adoptium.net/"/>
    <property name="user.timezone" value=""/>
    <property name="java.vm.specification.version" value="1.8"/>
    <property name="os.name" value="Linux"/>
    <property name="sun.java.launcher" value="SUN_STANDARD"/>
    <property name="sun.boot.library.path" value="/home/mary-linux/.sdkman/candidates/java/8.0.392-tem/jre/lib/amd64"/>
    <property name="sun.java.command" value="/home/mary-linux/MSIlinux/HC/hardware-confiavel/labs/week5/week5/target/surefire/surefirebooter-20250404180954695_3.jar /home/mary-linux/MSIlinux/HC/hardware-confiavel/labs/week5/week5/target/surefire 2025-04-04T18-09-54_447-jvmRun1 surefire-20250404180954695_1tmp surefire_0-20250404180954695_2tmp"/>
    <property name="surefire.test.class.path" value="/home/mary-linux/MSIlinux/HC/hardware-confiavel/labs/week5/week5/target/test-classes:/home/mary-linux/MSIlinux/HC/hardware-confiavel/labs/week5/week5/target/classes:/home/mary-linux/.m2/repository/junit/junit/3.8.1/junit-3.8.1.jar:/home/mary-linux/.m2/repository/com/licel/jcardsim/2.2.2/jcardsim-2.2.2.jar:"/>
    <property name="sun.cpu.endian" value="little"/>
    <property name="user.home" value="/home/mary-linux"/>
    <property name="user.language" value="en"/>
    <property name="java.specification.vendor" value="Oracle Corporation"/>
    <property name="java.home" value="/home/mary-linux/.sdkman/candidates/java/8.0.392-tem/jre"/>
    <property name="basedir" value="/home/mary-linux/MSIlinux/HC/hardware-confiavel/labs/week5/week5"/>
    <property name="file.separator" value="/"/>
    <property name="line.separator" value="&#10;"/>
    <property name="java.vm.specification.vendor" value="Oracle Corporation"/>
    <property name="java.specification.name" value="Java Platform API Specification"/>
    <property name="java.awt.graphicsenv" value="sun.awt.X11GraphicsEnvironment"/>
    <property name="surefire.real.class.path" value="/home/mary-linux/MSIlinux/HC/hardware-confiavel/labs/week5/week5/target/surefire/surefirebooter-20250404180954695_3.jar"/>
    <property name="sun.boot.class.path" value="/home/mary-linux/.sdkman/candidates/java/8.0.392-tem/jre/lib/resources.jar:/home/mary-linux/.sdkman/candidates/java/8.0.392-tem/jre/lib/rt.jar:/home/mary-linux/.sdkman/candidates/java/8.0.392-tem/jre/lib/sunrsasign.jar:/home/mary-linux/.sdkman/candidates/java/8.0.392-tem/jre/lib/jsse.jar:/home/mary-linux/.sdkman/candidates/java/8.0.392-tem/jre/lib/jce.jar:/home/mary-linux/.sdkman/candidates/java/8.0.392-tem/jre/lib/charsets.jar:/home/mary-linux/.sdkman/candidates/java/8.0.392-tem/jre/lib/jfr.jar:/home/mary-linux/.sdkman/candidates/java/8.0.392-tem/jre/classes"/>
    <property name="sun.management.compiler" value="HotSpot 64-Bit Tiered Compilers"/>
    <property name="java.runtime.version" value="1.8.0_392-b08"/>
    <property name="user.name" value="mary-linux"/>
    <property name="path.separator" value=":"/>
    <property name="os.version" value="5.15.167.4-microsoft-standard-WSL2"/>
    <property name="java.endorsed.dirs" value="/home/mary-linux/.sdkman/candidates/java/8.0.392-tem/jre/lib/endorsed"/>
    <property name="java.runtime.name" value="OpenJDK Runtime Environment"/>
    <property name="file.encoding" value="UTF-8"/>
    <property name="java.vm.name" value="OpenJDK 64-Bit Server VM"/>
    <property name="localRepository" value="/home/mary-linux/.m2/repository"/>
    <property name="java.vendor.url.bug" value="https://github.com/adoptium/adoptium-support/issues"/>
    <property name="java.io.tmpdir" value="/tmp"/>
    <property name="java.version" value="1.8.0_392"/>
    <property name="user.dir" value="/home/mary-linux/MSIlinux/HC/hardware-confiavel/labs/week5/week5"/>
    <property name="os.arch" value="amd64"/>
    <property name="java.vm.specification.name" value="Java Virtual Machine Specification"/>
    <property name="java.awt.printerjob" value="sun.print.PSPrinterJob"/>
    <property name="sun.os.patch.level" value="unknown"/>
    <property name="java.library.path" value="/usr/java/packages/lib/amd64:/usr/lib64:/lib64:/lib:/usr/lib"/>
    <property name="java.vm.info" value="mixed mode"/>
    <property name="java.vendor" value="Temurin"/>
    <property name="java.vm.version" value="25.392-b08"/>
    <property name="java.specification.maintenance.version" value="5"/>
    <property name="java.ext.dirs" value="/home/mary-linux/.sdkman/candidates/java/8.0.392-tem/jre/lib/ext:/usr/java/packages/lib/ext"/>
    <property name="sun.io.unicode.encoding" value="UnicodeLittle"/>
    <property name="java.class.version" value="52.0"/>
  </properties>
  <testcase name="testApp" classname="com.example.AppTest" time="0.003"/>
</testsuite>